14-Feb-2025 14:26:44.731 INFO [main] org.apache.catalina.startup.VersionLoggerListener.log Nom version serveur :              Apache Tomcat/11.0.1
14-Feb-2025 14:26:44.737 INFO [main] org.apache.catalina.startup.VersionLoggerListener.log Serveur compilé :                  Nov 6 2024 19:08:24 UTC
14-Feb-2025 14:26:44.738 INFO [main] org.apache.catalina.startup.VersionLoggerListener.log Version du serveur :               11.0.1.0
14-Feb-2025 14:26:44.738 INFO [main] org.apache.catalina.startup.VersionLoggerListener.log Nom de l'OS :                      Linux
14-Feb-2025 14:26:44.738 INFO [main] org.apache.catalina.startup.VersionLoggerListener.log Version OS :                       5.4.0-89-generic
14-Feb-2025 14:26:44.738 INFO [main] org.apache.catalina.startup.VersionLoggerListener.log Architecture :                     amd64
14-Feb-2025 14:26:44.738 INFO [main] org.apache.catalina.startup.VersionLoggerListener.log Java Home :                        /mnt/n7fs/ens/tp_dh/jdk-17.0.5
14-Feb-2025 14:26:44.738 INFO [main] org.apache.catalina.startup.VersionLoggerListener.log Version JVM :                      17.0.5+9-LTS-191
14-Feb-2025 14:26:44.738 INFO [main] org.apache.catalina.startup.VersionLoggerListener.log Fournisseur de la JVM :            Oracle Corporation
14-Feb-2025 14:26:44.738 INFO [main] org.apache.catalina.startup.VersionLoggerListener.log CATALINA_BASE :                    /home/lht1404/Documents/ENSEEIHT/2A/Semestre 8/app_web/tp2-aw/apache-tomcat-11.0.1
14-Feb-2025 14:26:44.739 INFO [main] org.apache.catalina.startup.VersionLoggerListener.log CATALINA_HOME :                    /home/lht1404/Documents/ENSEEIHT/2A/Semestre 8/app_web/tp2-aw/apache-tomcat-11.0.1
14-Feb-2025 14:26:44.761 INFO [main] org.apache.catalina.startup.VersionLoggerListener.log Argument de la ligne de commande : -Djava.util.logging.config.file=/home/lht1404/Documents/ENSEEIHT/2A/Semestre 8/app_web/tp2-aw/apache-tomcat-11.0.1/conf/logging.properties
14-Feb-2025 14:26:44.761 INFO [main] org.apache.catalina.startup.VersionLoggerListener.log Argument de la ligne de commande : -Djava.util.logging.manager=org.apache.juli.ClassLoaderLogManager
14-Feb-2025 14:26:44.762 INFO [main] org.apache.catalina.startup.VersionLoggerListener.log Argument de la ligne de commande : -Djdk.tls.ephemeralDHKeySize=2048
14-Feb-2025 14:26:44.763 INFO [main] org.apache.catalina.startup.VersionLoggerListener.log Argument de la ligne de commande : -Dorg.apache.catalina.security.SecurityListener.UMASK=0027
14-Feb-2025 14:26:44.763 INFO [main] org.apache.catalina.startup.VersionLoggerListener.log Argument de la ligne de commande : --add-opens=java.base/java.lang=ALL-UNNAMED
14-Feb-2025 14:26:44.763 INFO [main] org.apache.catalina.startup.VersionLoggerListener.log Argument de la ligne de commande : --add-opens=java.base/java.io=ALL-UNNAMED
14-Feb-2025 14:26:44.763 INFO [main] org.apache.catalina.startup.VersionLoggerListener.log Argument de la ligne de commande : --add-opens=java.base/java.util=ALL-UNNAMED
14-Feb-2025 14:26:44.763 INFO [main] org.apache.catalina.startup.VersionLoggerListener.log Argument de la ligne de commande : --add-opens=java.base/java.util.concurrent=ALL-UNNAMED
14-Feb-2025 14:26:44.763 INFO [main] org.apache.catalina.startup.VersionLoggerListener.log Argument de la ligne de commande : --add-opens=java.rmi/sun.rmi.transport=ALL-UNNAMED
14-Feb-2025 14:26:44.763 INFO [main] org.apache.catalina.startup.VersionLoggerListener.log Argument de la ligne de commande : --enable-native-access=ALL-UNNAMED
14-Feb-2025 14:26:44.764 INFO [main] org.apache.catalina.startup.VersionLoggerListener.log Argument de la ligne de commande : -Dcatalina.base=/home/lht1404/Documents/ENSEEIHT/2A/Semestre 8/app_web/tp2-aw/apache-tomcat-11.0.1
14-Feb-2025 14:26:44.764 INFO [main] org.apache.catalina.startup.VersionLoggerListener.log Argument de la ligne de commande : -Dcatalina.home=/home/lht1404/Documents/ENSEEIHT/2A/Semestre 8/app_web/tp2-aw/apache-tomcat-11.0.1
14-Feb-2025 14:26:44.764 INFO [main] org.apache.catalina.startup.VersionLoggerListener.log Argument de la ligne de commande : -Djava.io.tmpdir=/home/lht1404/Documents/ENSEEIHT/2A/Semestre 8/app_web/tp2-aw/apache-tomcat-11.0.1/temp
14-Feb-2025 14:26:44.767 INFO [main] org.apache.catalina.core.AprLifecycleListener.lifecycleEvent La librairie Apache Tomcat Native basée sur APR qui permet des performances optimales dans les environnements de production n'a pas été trouvée sur le java.library.path : [/usr/java/packages/lib:/usr/lib64:/lib64:/lib:/usr/lib]
14-Feb-2025 14:26:44.960 INFO [main] org.apache.coyote.AbstractProtocol.init Initialisation du gestionnaire de protocole ["http-nio-8080"]
14-Feb-2025 14:26:44.983 INFO [main] org.apache.catalina.startup.Catalina.load L'initialisation du serveur a pris [414] millisecondes
14-Feb-2025 14:26:45.021 INFO [main] org.apache.catalina.core.StandardService.startInternal Démarrage du service [Catalina]
14-Feb-2025 14:26:45.021 INFO [main] org.apache.catalina.core.StandardEngine.startInternal Démarrage du moteur de Servlets : [Apache Tomcat/11.0.1]
14-Feb-2025 14:26:45.030 INFO [main] org.apache.catalina.startup.HostConfig.deployDirectory Déploiement du répertoire d'application web [/home/lht1404/Documents/ENSEEIHT/2A/Semestre 8/app_web/tp2-aw/apache-tomcat-11.0.1/webapps/docs]
14-Feb-2025 14:26:45.225 INFO [main] org.apache.catalina.startup.HostConfig.deployDirectory Le déploiement du répertoire [/home/lht1404/Documents/ENSEEIHT/2A/Semestre 8/app_web/tp2-aw/apache-tomcat-11.0.1/webapps/docs] de l'application web s'est terminé en [190] ms
14-Feb-2025 14:26:45.225 INFO [main] org.apache.catalina.startup.HostConfig.deployDirectory Déploiement du répertoire d'application web [/home/lht1404/Documents/ENSEEIHT/2A/Semestre 8/app_web/tp2-aw/apache-tomcat-11.0.1/webapps/examples]
14-Feb-2025 14:26:45.482 INFO [main] org.apache.catalina.startup.HostConfig.deployDirectory Le déploiement du répertoire [/home/lht1404/Documents/ENSEEIHT/2A/Semestre 8/app_web/tp2-aw/apache-tomcat-11.0.1/webapps/examples] de l'application web s'est terminé en [257] ms
14-Feb-2025 14:26:45.482 INFO [main] org.apache.catalina.startup.HostConfig.deployDirectory Déploiement du répertoire d'application web [/home/lht1404/Documents/ENSEEIHT/2A/Semestre 8/app_web/tp2-aw/apache-tomcat-11.0.1/webapps/ROOT]
14-Feb-2025 14:26:45.503 INFO [main] org.apache.catalina.startup.HostConfig.deployDirectory Le déploiement du répertoire [/home/lht1404/Documents/ENSEEIHT/2A/Semestre 8/app_web/tp2-aw/apache-tomcat-11.0.1/webapps/ROOT] de l'application web s'est terminé en [21] ms
14-Feb-2025 14:26:45.503 INFO [main] org.apache.catalina.startup.HostConfig.deployDirectory Déploiement du répertoire d'application web [/home/lht1404/Documents/ENSEEIHT/2A/Semestre 8/app_web/tp2-aw/apache-tomcat-11.0.1/webapps/host-manager]
14-Feb-2025 14:26:45.518 INFO [main] org.apache.catalina.startup.HostConfig.deployDirectory Le déploiement du répertoire [/home/lht1404/Documents/ENSEEIHT/2A/Semestre 8/app_web/tp2-aw/apache-tomcat-11.0.1/webapps/host-manager] de l'application web s'est terminé en [15] ms
14-Feb-2025 14:26:45.518 INFO [main] org.apache.catalina.startup.HostConfig.deployDirectory Déploiement du répertoire d'application web [/home/lht1404/Documents/ENSEEIHT/2A/Semestre 8/app_web/tp2-aw/apache-tomcat-11.0.1/webapps/manager]
14-Feb-2025 14:26:45.532 INFO [main] org.apache.catalina.startup.HostConfig.deployDirectory Le déploiement du répertoire [/home/lht1404/Documents/ENSEEIHT/2A/Semestre 8/app_web/tp2-aw/apache-tomcat-11.0.1/webapps/manager] de l'application web s'est terminé en [14] ms
14-Feb-2025 14:26:45.534 INFO [main] org.apache.coyote.AbstractProtocol.start Démarrage du gestionnaire de protocole ["http-nio-8080"]
14-Feb-2025 14:26:45.541 INFO [main] org.apache.catalina.startup.Catalina.start Le démarrage du serveur a pris [557] millisecondes
14-Feb-2025 15:28:37.934 INFO [Catalina-utility-1] org.apache.catalina.startup.HostConfig.deployWAR Déploiement de l'archive [/home/lht1404/Documents/ENSEEIHT/2A/Semestre 8/app_web/tp2-aw/apache-tomcat-11.0.1/webapps/TP2.war] de l'application web
14-Feb-2025 15:28:40.063 INFO [Catalina-utility-1] org.apache.catalina.startup.HostConfig.deployWAR Le déploiement de l'archive de l'application web [/home/lht1404/Documents/ENSEEIHT/2A/Semestre 8/app_web/tp2-aw/apache-tomcat-11.0.1/webapps/TP2.war] s'est terminé en [2 130] ms
14-Feb-2025 15:32:00.185 INFO [Catalina-utility-2] org.apache.catalina.startup.HostConfig.undeploy Retrait de l'application web ayant pour chemin de contexte [/TP2]
14-Feb-2025 15:32:00.538 INFO [Catalina-utility-2] org.apache.catalina.startup.HostConfig.deployWAR Déploiement de l'archive [/home/lht1404/Documents/ENSEEIHT/2A/Semestre 8/app_web/tp2-aw/apache-tomcat-11.0.1/webapps/TP2.war] de l'application web
14-Feb-2025 15:32:02.682 INFO [Catalina-utility-2] org.apache.catalina.startup.HostConfig.deployWAR Le déploiement de l'archive de l'application web [/home/lht1404/Documents/ENSEEIHT/2A/Semestre 8/app_web/tp2-aw/apache-tomcat-11.0.1/webapps/TP2.war] s'est terminé en [2 144] ms
14-Feb-2025 15:32:42.699 INFO [Catalina-utility-2] org.apache.catalina.startup.HostConfig.undeploy Retrait de l'application web ayant pour chemin de contexte [/TP2]
14-Feb-2025 15:32:43.068 INFO [Catalina-utility-2] org.apache.catalina.startup.HostConfig.deployWAR Déploiement de l'archive [/home/lht1404/Documents/ENSEEIHT/2A/Semestre 8/app_web/tp2-aw/apache-tomcat-11.0.1/webapps/TP2.war] de l'application web
14-Feb-2025 15:32:45.240 INFO [Catalina-utility-2] org.apache.catalina.startup.HostConfig.deployWAR Le déploiement de l'archive de l'application web [/home/lht1404/Documents/ENSEEIHT/2A/Semestre 8/app_web/tp2-aw/apache-tomcat-11.0.1/webapps/TP2.war] s'est terminé en [2 172] ms
14-Feb-2025 15:33:05.254 INFO [Catalina-utility-1] org.apache.catalina.startup.HostConfig.undeploy Retrait de l'application web ayant pour chemin de contexte [/TP2]
14-Feb-2025 15:33:55.489 INFO [Catalina-utility-1] org.apache.catalina.startup.HostConfig.deployWAR Déploiement de l'archive [/home/lht1404/Documents/ENSEEIHT/2A/Semestre 8/app_web/tp2-aw/apache-tomcat-11.0.1/webapps/TP2.war] de l'application web
14-Feb-2025 15:33:57.593 INFO [Catalina-utility-1] org.apache.catalina.startup.HostConfig.deployWAR Le déploiement de l'archive de l'application web [/home/lht1404/Documents/ENSEEIHT/2A/Semestre 8/app_web/tp2-aw/apache-tomcat-11.0.1/webapps/TP2.war] s'est terminé en [2 104] ms
14-Feb-2025 15:34:37.614 INFO [Catalina-utility-1] org.apache.catalina.startup.HostConfig.undeploy Retrait de l'application web ayant pour chemin de contexte [/TP2]
14-Feb-2025 15:35:47.970 INFO [Catalina-utility-1] org.apache.catalina.startup.HostConfig.deployWAR Déploiement de l'archive [/home/lht1404/Documents/ENSEEIHT/2A/Semestre 8/app_web/tp2-aw/apache-tomcat-11.0.1/webapps/TP2.war] de l'application web
14-Feb-2025 15:35:50.092 INFO [Catalina-utility-1] org.apache.catalina.startup.HostConfig.deployWAR Le déploiement de l'archive de l'application web [/home/lht1404/Documents/ENSEEIHT/2A/Semestre 8/app_web/tp2-aw/apache-tomcat-11.0.1/webapps/TP2.war] s'est terminé en [2 122] ms
14-Feb-2025 15:36:50.119 INFO [Catalina-utility-1] org.apache.catalina.startup.HostConfig.undeploy Retrait de l'application web ayant pour chemin de contexte [/TP2]
14-Feb-2025 15:37:00.509 INFO [Catalina-utility-1] org.apache.catalina.startup.HostConfig.deployWAR Déploiement de l'archive [/home/lht1404/Documents/ENSEEIHT/2A/Semestre 8/app_web/tp2-aw/apache-tomcat-11.0.1/webapps/TP2.war] de l'application web
14-Feb-2025 15:37:02.698 INFO [Catalina-utility-1] org.apache.catalina.startup.HostConfig.deployWAR Le déploiement de l'archive de l'application web [/home/lht1404/Documents/ENSEEIHT/2A/Semestre 8/app_web/tp2-aw/apache-tomcat-11.0.1/webapps/TP2.war] s'est terminé en [2 189] ms
14-Feb-2025 15:37:32.710 INFO [Catalina-utility-2] org.apache.catalina.startup.HostConfig.undeploy Retrait de l'application web ayant pour chemin de contexte [/TP2]
14-Feb-2025 15:37:53.086 INFO [Catalina-utility-2] org.apache.catalina.startup.HostConfig.deployWAR Déploiement de l'archive [/home/lht1404/Documents/ENSEEIHT/2A/Semestre 8/app_web/tp2-aw/apache-tomcat-11.0.1/webapps/TP2.war] de l'application web
14-Feb-2025 15:37:55.327 INFO [Catalina-utility-2] org.apache.catalina.startup.HostConfig.deployWAR Le déploiement de l'archive de l'application web [/home/lht1404/Documents/ENSEEIHT/2A/Semestre 8/app_web/tp2-aw/apache-tomcat-11.0.1/webapps/TP2.war] s'est terminé en [2 241] ms
