14-Feb-2025 14:26:44.731 INFO [main] org.apache.catalina.startup.VersionLoggerListener.log Nom version serveur :              Apache Tomcat/11.0.1
14-Feb-2025 14:26:44.737 INFO [main] org.apache.catalina.startup.VersionLoggerListener.log Serveur compilé :                  Nov 6 2024 19:08:24 UTC
14-Feb-2025 14:26:44.738 INFO [main] org.apache.catalina.startup.VersionLoggerListener.log Version du serveur :               11.0.1.0
14-Feb-2025 14:26:44.738 INFO [main] org.apache.catalina.startup.VersionLoggerListener.log Nom de l'OS :                      Linux
14-Feb-2025 14:26:44.738 INFO [main] org.apache.catalina.startup.VersionLoggerListener.log Version OS :                       5.4.0-89-generic
14-Feb-2025 14:26:44.738 INFO [main] org.apache.catalina.startup.VersionLoggerListener.log Architecture :                     amd64
14-Feb-2025 14:26:44.738 INFO [main] org.apache.catalina.startup.VersionLoggerListener.log Java Home :                        /mnt/n7fs/ens/tp_dh/jdk-17.0.5
14-Feb-2025 14:26:44.738 INFO [main] org.apache.catalina.startup.VersionLoggerListener.log Version JVM :                      17.0.5+9-LTS-191
14-Feb-2025 14:26:44.738 INFO [main] org.apache.catalina.startup.VersionLoggerListener.log Fournisseur de la JVM :            Oracle Corporation
14-Feb-2025 14:26:44.738 INFO [main] org.apache.catalina.startup.VersionLoggerListener.log CATALINA_BASE :                    /home/lht1404/Documents/ENSEEIHT/2A/Semestre 8/app_web/tp2-aw/apache-tomcat-11.0.1
14-Feb-2025 14:26:44.739 INFO [main] org.apache.catalina.startup.VersionLoggerListener.log CATALINA_HOME :                    /home/lht1404/Documents/ENSEEIHT/2A/Semestre 8/app_web/tp2-aw/apache-tomcat-11.0.1
14-Feb-2025 14:26:44.761 INFO [main] org.apache.catalina.startup.VersionLoggerListener.log Argument de la ligne de commande : -Djava.util.logging.config.file=/home/lht1404/Documents/ENSEEIHT/2A/Semestre 8/app_web/tp2-aw/apache-tomcat-11.0.1/conf/logging.properties
14-Feb-2025 14:26:44.761 INFO [main] org.apache.catalina.startup.VersionLoggerListener.log Argument de la ligne de commande : -Djava.util.logging.manager=org.apache.juli.ClassLoaderLogManager
14-Feb-2025 14:26:44.762 INFO [main] org.apache.catalina.startup.VersionLoggerListener.log Argument de la ligne de commande : -Djdk.tls.ephemeralDHKeySize=2048
14-Feb-2025 14:26:44.763 INFO [main] org.apache.catalina.startup.VersionLoggerListener.log Argument de la ligne de commande : -Dorg.apache.catalina.security.SecurityListener.UMASK=0027
14-Feb-2025 14:26:44.763 INFO [main] org.apache.catalina.startup.VersionLoggerListener.log Argument de la ligne de commande : --add-opens=java.base/java.lang=ALL-UNNAMED
14-Feb-2025 14:26:44.763 INFO [main] org.apache.catalina.startup.VersionLoggerListener.log Argument de la ligne de commande : --add-opens=java.base/java.io=ALL-UNNAMED
14-Feb-2025 14:26:44.763 INFO [main] org.apache.catalina.startup.VersionLoggerListener.log Argument de la ligne de commande : --add-opens=java.base/java.util=ALL-UNNAMED
14-Feb-2025 14:26:44.763 INFO [main] org.apache.catalina.startup.VersionLoggerListener.log Argument de la ligne de commande : --add-opens=java.base/java.util.concurrent=ALL-UNNAMED
14-Feb-2025 14:26:44.763 INFO [main] org.apache.catalina.startup.VersionLoggerListener.log Argument de la ligne de commande : --add-opens=java.rmi/sun.rmi.transport=ALL-UNNAMED
14-Feb-2025 14:26:44.763 INFO [main] org.apache.catalina.startup.VersionLoggerListener.log Argument de la ligne de commande : --enable-native-access=ALL-UNNAMED
14-Feb-2025 14:26:44.764 INFO [main] org.apache.catalina.startup.VersionLoggerListener.log Argument de la ligne de commande : -Dcatalina.base=/home/lht1404/Documents/ENSEEIHT/2A/Semestre 8/app_web/tp2-aw/apache-tomcat-11.0.1
14-Feb-2025 14:26:44.764 INFO [main] org.apache.catalina.startup.VersionLoggerListener.log Argument de la ligne de commande : -Dcatalina.home=/home/lht1404/Documents/ENSEEIHT/2A/Semestre 8/app_web/tp2-aw/apache-tomcat-11.0.1
14-Feb-2025 14:26:44.764 INFO [main] org.apache.catalina.startup.VersionLoggerListener.log Argument de la ligne de commande : -Djava.io.tmpdir=/home/lht1404/Documents/ENSEEIHT/2A/Semestre 8/app_web/tp2-aw/apache-tomcat-11.0.1/temp
14-Feb-2025 14:26:44.767 INFO [main] org.apache.catalina.core.AprLifecycleListener.lifecycleEvent La librairie Apache Tomcat Native basée sur APR qui permet des performances optimales dans les environnements de production n'a pas été trouvée sur le java.library.path : [/usr/java/packages/lib:/usr/lib64:/lib64:/lib:/usr/lib]
14-Feb-2025 14:26:44.960 INFO [main] org.apache.coyote.AbstractProtocol.init Initialisation du gestionnaire de protocole ["http-nio-8080"]
14-Feb-2025 14:26:44.983 INFO [main] org.apache.catalina.startup.Catalina.load L'initialisation du serveur a pris [414] millisecondes
14-Feb-2025 14:26:45.021 INFO [main] org.apache.catalina.core.StandardService.startInternal Démarrage du service [Catalina]
14-Feb-2025 14:26:45.021 INFO [main] org.apache.catalina.core.StandardEngine.startInternal Démarrage du moteur de Servlets : [Apache Tomcat/11.0.1]
14-Feb-2025 14:26:45.030 INFO [main] org.apache.catalina.startup.HostConfig.deployDirectory Déploiement du répertoire d'application web [/home/lht1404/Documents/ENSEEIHT/2A/Semestre 8/app_web/tp2-aw/apache-tomcat-11.0.1/webapps/docs]
14-Feb-2025 14:26:45.225 INFO [main] org.apache.catalina.startup.HostConfig.deployDirectory Le déploiement du répertoire [/home/lht1404/Documents/ENSEEIHT/2A/Semestre 8/app_web/tp2-aw/apache-tomcat-11.0.1/webapps/docs] de l'application web s'est terminé en [190] ms
14-Feb-2025 14:26:45.225 INFO [main] org.apache.catalina.startup.HostConfig.deployDirectory Déploiement du répertoire d'application web [/home/lht1404/Documents/ENSEEIHT/2A/Semestre 8/app_web/tp2-aw/apache-tomcat-11.0.1/webapps/examples]
14-Feb-2025 14:26:45.482 INFO [main] org.apache.catalina.startup.HostConfig.deployDirectory Le déploiement du répertoire [/home/lht1404/Documents/ENSEEIHT/2A/Semestre 8/app_web/tp2-aw/apache-tomcat-11.0.1/webapps/examples] de l'application web s'est terminé en [257] ms
14-Feb-2025 14:26:45.482 INFO [main] org.apache.catalina.startup.HostConfig.deployDirectory Déploiement du répertoire d'application web [/home/lht1404/Documents/ENSEEIHT/2A/Semestre 8/app_web/tp2-aw/apache-tomcat-11.0.1/webapps/ROOT]
14-Feb-2025 14:26:45.503 INFO [main] org.apache.catalina.startup.HostConfig.deployDirectory Le déploiement du répertoire [/home/lht1404/Documents/ENSEEIHT/2A/Semestre 8/app_web/tp2-aw/apache-tomcat-11.0.1/webapps/ROOT] de l'application web s'est terminé en [21] ms
14-Feb-2025 14:26:45.503 INFO [main] org.apache.catalina.startup.HostConfig.deployDirectory Déploiement du répertoire d'application web [/home/lht1404/Documents/ENSEEIHT/2A/Semestre 8/app_web/tp2-aw/apache-tomcat-11.0.1/webapps/host-manager]
14-Feb-2025 14:26:45.518 INFO [main] org.apache.catalina.startup.HostConfig.deployDirectory Le déploiement du répertoire [/home/lht1404/Documents/ENSEEIHT/2A/Semestre 8/app_web/tp2-aw/apache-tomcat-11.0.1/webapps/host-manager] de l'application web s'est terminé en [15] ms
14-Feb-2025 14:26:45.518 INFO [main] org.apache.catalina.startup.HostConfig.deployDirectory Déploiement du répertoire d'application web [/home/lht1404/Documents/ENSEEIHT/2A/Semestre 8/app_web/tp2-aw/apache-tomcat-11.0.1/webapps/manager]
14-Feb-2025 14:26:45.532 INFO [main] org.apache.catalina.startup.HostConfig.deployDirectory Le déploiement du répertoire [/home/lht1404/Documents/ENSEEIHT/2A/Semestre 8/app_web/tp2-aw/apache-tomcat-11.0.1/webapps/manager] de l'application web s'est terminé en [14] ms
14-Feb-2025 14:26:45.534 INFO [main] org.apache.coyote.AbstractProtocol.start Démarrage du gestionnaire de protocole ["http-nio-8080"]
14-Feb-2025 14:26:45.541 INFO [main] org.apache.catalina.startup.Catalina.start Le démarrage du serveur a pris [557] millisecondes
14-Feb-2025 15:28:37.934 INFO [Catalina-utility-1] org.apache.catalina.startup.HostConfig.deployWAR Déploiement de l'archive [/home/lht1404/Documents/ENSEEIHT/2A/Semestre 8/app_web/tp2-aw/apache-tomcat-11.0.1/webapps/TP2.war] de l'application web
14-Feb-2025 15:28:40.063 INFO [Catalina-utility-1] org.apache.catalina.startup.HostConfig.deployWAR Le déploiement de l'archive de l'application web [/home/lht1404/Documents/ENSEEIHT/2A/Semestre 8/app_web/tp2-aw/apache-tomcat-11.0.1/webapps/TP2.war] s'est terminé en [2 130] ms
14-Feb-2025 15:32:00.185 INFO [Catalina-utility-2] org.apache.catalina.startup.HostConfig.undeploy Retrait de l'application web ayant pour chemin de contexte [/TP2]
14-Feb-2025 15:32:00.538 INFO [Catalina-utility-2] org.apache.catalina.startup.HostConfig.deployWAR Déploiement de l'archive [/home/lht1404/Documents/ENSEEIHT/2A/Semestre 8/app_web/tp2-aw/apache-tomcat-11.0.1/webapps/TP2.war] de l'application web
14-Feb-2025 15:32:02.682 INFO [Catalina-utility-2] org.apache.catalina.startup.HostConfig.deployWAR Le déploiement de l'archive de l'application web [/home/lht1404/Documents/ENSEEIHT/2A/Semestre 8/app_web/tp2-aw/apache-tomcat-11.0.1/webapps/TP2.war] s'est terminé en [2 144] ms
14-Feb-2025 15:32:42.699 INFO [Catalina-utility-2] org.apache.catalina.startup.HostConfig.undeploy Retrait de l'application web ayant pour chemin de contexte [/TP2]
14-Feb-2025 15:32:43.068 INFO [Catalina-utility-2] org.apache.catalina.startup.HostConfig.deployWAR Déploiement de l'archive [/home/lht1404/Documents/ENSEEIHT/2A/Semestre 8/app_web/tp2-aw/apache-tomcat-11.0.1/webapps/TP2.war] de l'application web
14-Feb-2025 15:32:45.240 INFO [Catalina-utility-2] org.apache.catalina.startup.HostConfig.deployWAR Le déploiement de l'archive de l'application web [/home/lht1404/Documents/ENSEEIHT/2A/Semestre 8/app_web/tp2-aw/apache-tomcat-11.0.1/webapps/TP2.war] s'est terminé en [2 172] ms
14-Feb-2025 15:33:05.254 INFO [Catalina-utility-1] org.apache.catalina.startup.HostConfig.undeploy Retrait de l'application web ayant pour chemin de contexte [/TP2]
14-Feb-2025 15:33:55.489 INFO [Catalina-utility-1] org.apache.catalina.startup.HostConfig.deployWAR Déploiement de l'archive [/home/lht1404/Documents/ENSEEIHT/2A/Semestre 8/app_web/tp2-aw/apache-tomcat-11.0.1/webapps/TP2.war] de l'application web
14-Feb-2025 15:33:57.593 INFO [Catalina-utility-1] org.apache.catalina.startup.HostConfig.deployWAR Le déploiement de l'archive de l'application web [/home/lht1404/Documents/ENSEEIHT/2A/Semestre 8/app_web/tp2-aw/apache-tomcat-11.0.1/webapps/TP2.war] s'est terminé en [2 104] ms
14-Feb-2025 15:34:37.614 INFO [Catalina-utility-1] org.apache.catalina.startup.HostConfig.undeploy Retrait de l'application web ayant pour chemin de contexte [/TP2]
14-Feb-2025 15:35:47.970 INFO [Catalina-utility-1] org.apache.catalina.startup.HostConfig.deployWAR Déploiement de l'archive [/home/lht1404/Documents/ENSEEIHT/2A/Semestre 8/app_web/tp2-aw/apache-tomcat-11.0.1/webapps/TP2.war] de l'application web
14-Feb-2025 15:35:50.092 INFO [Catalina-utility-1] org.apache.catalina.startup.HostConfig.deployWAR Le déploiement de l'archive de l'application web [/home/lht1404/Documents/ENSEEIHT/2A/Semestre 8/app_web/tp2-aw/apache-tomcat-11.0.1/webapps/TP2.war] s'est terminé en [2 122] ms
14-Feb-2025 15:36:50.119 INFO [Catalina-utility-1] org.apache.catalina.startup.HostConfig.undeploy Retrait de l'application web ayant pour chemin de contexte [/TP2]
14-Feb-2025 15:37:00.509 INFO [Catalina-utility-1] org.apache.catalina.startup.HostConfig.deployWAR Déploiement de l'archive [/home/lht1404/Documents/ENSEEIHT/2A/Semestre 8/app_web/tp2-aw/apache-tomcat-11.0.1/webapps/TP2.war] de l'application web
14-Feb-2025 15:37:02.698 INFO [Catalina-utility-1] org.apache.catalina.startup.HostConfig.deployWAR Le déploiement de l'archive de l'application web [/home/lht1404/Documents/ENSEEIHT/2A/Semestre 8/app_web/tp2-aw/apache-tomcat-11.0.1/webapps/TP2.war] s'est terminé en [2 189] ms
14-Feb-2025 15:37:32.710 INFO [Catalina-utility-2] org.apache.catalina.startup.HostConfig.undeploy Retrait de l'application web ayant pour chemin de contexte [/TP2]
14-Feb-2025 15:37:53.086 INFO [Catalina-utility-2] org.apache.catalina.startup.HostConfig.deployWAR Déploiement de l'archive [/home/lht1404/Documents/ENSEEIHT/2A/Semestre 8/app_web/tp2-aw/apache-tomcat-11.0.1/webapps/TP2.war] de l'application web
14-Feb-2025 15:37:55.327 INFO [Catalina-utility-2] org.apache.catalina.startup.HostConfig.deployWAR Le déploiement de l'archive de l'application web [/home/lht1404/Documents/ENSEEIHT/2A/Semestre 8/app_web/tp2-aw/apache-tomcat-11.0.1/webapps/TP2.war] s'est terminé en [2 241] ms
15-Feb-2025 20:45:29.801 INFO [Thread-1] org.apache.coyote.AbstractProtocol.pause Le gestionnaire de protocole ["http-nio-8080"] est mis en pause
15-Feb-2025 20:45:29.803 INFO [Thread-1] org.apache.catalina.core.StandardService.stopInternal Arrêt du service [Catalina]
15-Feb-2025 20:45:29.816 INFO [Thread-1] org.apache.coyote.AbstractProtocol.stop Arrêt du gestionnaire de protocole ["http-nio-8080"]
15-Feb-2025 20:45:29.833 INFO [Thread-1] org.apache.coyote.AbstractProtocol.destroy Destruction du gestionnaire de protocole ["http-nio-8080"]
18-Feb-2025 16:20:36.707 INFO [main] org.apache.catalina.startup.VersionLoggerListener.log Nom version serveur :              Apache Tomcat/11.0.1
18-Feb-2025 16:20:36.713 INFO [main] org.apache.catalina.startup.VersionLoggerListener.log Serveur compilé :                  Nov 6 2024 19:08:24 UTC
18-Feb-2025 16:20:36.714 INFO [main] org.apache.catalina.startup.VersionLoggerListener.log Version du serveur :               11.0.1.0
18-Feb-2025 16:20:36.714 INFO [main] org.apache.catalina.startup.VersionLoggerListener.log Nom de l'OS :                      Linux
18-Feb-2025 16:20:36.714 INFO [main] org.apache.catalina.startup.VersionLoggerListener.log Version OS :                       5.4.0-89-generic
18-Feb-2025 16:20:36.714 INFO [main] org.apache.catalina.startup.VersionLoggerListener.log Architecture :                     amd64
18-Feb-2025 16:20:36.714 INFO [main] org.apache.catalina.startup.VersionLoggerListener.log Java Home :                        /mnt/n7fs/ens/tp_dh/jdk-17.0.5
18-Feb-2025 16:20:36.714 INFO [main] org.apache.catalina.startup.VersionLoggerListener.log Version JVM :                      17.0.5+9-LTS-191
18-Feb-2025 16:20:36.714 INFO [main] org.apache.catalina.startup.VersionLoggerListener.log Fournisseur de la JVM :            Oracle Corporation
18-Feb-2025 16:20:36.714 INFO [main] org.apache.catalina.startup.VersionLoggerListener.log CATALINA_BASE :                    /home/lht1404/Documents/ENSEEIHT/2A/Semestre 8/app_web/tp2-aw/apache-tomcat-11.0.1
18-Feb-2025 16:20:36.714 INFO [main] org.apache.catalina.startup.VersionLoggerListener.log CATALINA_HOME :                    /home/lht1404/Documents/ENSEEIHT/2A/Semestre 8/app_web/tp2-aw/apache-tomcat-11.0.1
18-Feb-2025 16:20:36.732 INFO [main] org.apache.catalina.startup.VersionLoggerListener.log Argument de la ligne de commande : -Djava.util.logging.config.file=/home/lht1404/Documents/ENSEEIHT/2A/Semestre 8/app_web/tp2-aw/apache-tomcat-11.0.1/conf/logging.properties
18-Feb-2025 16:20:36.732 INFO [main] org.apache.catalina.startup.VersionLoggerListener.log Argument de la ligne de commande : -Djava.util.logging.manager=org.apache.juli.ClassLoaderLogManager
18-Feb-2025 16:20:36.732 INFO [main] org.apache.catalina.startup.VersionLoggerListener.log Argument de la ligne de commande : -Djdk.tls.ephemeralDHKeySize=2048
18-Feb-2025 16:20:36.732 INFO [main] org.apache.catalina.startup.VersionLoggerListener.log Argument de la ligne de commande : -Dorg.apache.catalina.security.SecurityListener.UMASK=0027
18-Feb-2025 16:20:36.732 INFO [main] org.apache.catalina.startup.VersionLoggerListener.log Argument de la ligne de commande : --add-opens=java.base/java.lang=ALL-UNNAMED
18-Feb-2025 16:20:36.732 INFO [main] org.apache.catalina.startup.VersionLoggerListener.log Argument de la ligne de commande : --add-opens=java.base/java.io=ALL-UNNAMED
18-Feb-2025 16:20:36.732 INFO [main] org.apache.catalina.startup.VersionLoggerListener.log Argument de la ligne de commande : --add-opens=java.base/java.util=ALL-UNNAMED
18-Feb-2025 16:20:36.732 INFO [main] org.apache.catalina.startup.VersionLoggerListener.log Argument de la ligne de commande : --add-opens=java.base/java.util.concurrent=ALL-UNNAMED
18-Feb-2025 16:20:36.733 INFO [main] org.apache.catalina.startup.VersionLoggerListener.log Argument de la ligne de commande : --add-opens=java.rmi/sun.rmi.transport=ALL-UNNAMED
18-Feb-2025 16:20:36.733 INFO [main] org.apache.catalina.startup.VersionLoggerListener.log Argument de la ligne de commande : --enable-native-access=ALL-UNNAMED
18-Feb-2025 16:20:36.733 INFO [main] org.apache.catalina.startup.VersionLoggerListener.log Argument de la ligne de commande : -Dcatalina.base=/home/lht1404/Documents/ENSEEIHT/2A/Semestre 8/app_web/tp2-aw/apache-tomcat-11.0.1
18-Feb-2025 16:20:36.733 INFO [main] org.apache.catalina.startup.VersionLoggerListener.log Argument de la ligne de commande : -Dcatalina.home=/home/lht1404/Documents/ENSEEIHT/2A/Semestre 8/app_web/tp2-aw/apache-tomcat-11.0.1
18-Feb-2025 16:20:36.733 INFO [main] org.apache.catalina.startup.VersionLoggerListener.log Argument de la ligne de commande : -Djava.io.tmpdir=/home/lht1404/Documents/ENSEEIHT/2A/Semestre 8/app_web/tp2-aw/apache-tomcat-11.0.1/temp
18-Feb-2025 16:20:36.735 INFO [main] org.apache.catalina.core.AprLifecycleListener.lifecycleEvent La librairie Apache Tomcat Native basée sur APR qui permet des performances optimales dans les environnements de production n'a pas été trouvée sur le java.library.path : [/usr/java/packages/lib:/usr/lib64:/lib64:/lib:/usr/lib]
18-Feb-2025 16:20:36.975 INFO [main] org.apache.coyote.AbstractProtocol.init Initialisation du gestionnaire de protocole ["http-nio-8080"]
18-Feb-2025 16:20:36.999 INFO [main] org.apache.catalina.startup.Catalina.load L'initialisation du serveur a pris [1237] millisecondes
18-Feb-2025 16:20:37.044 INFO [main] org.apache.catalina.core.StandardService.startInternal Démarrage du service [Catalina]
18-Feb-2025 16:20:37.045 INFO [main] org.apache.catalina.core.StandardEngine.startInternal Démarrage du moteur de Servlets : [Apache Tomcat/11.0.1]
18-Feb-2025 16:20:37.214 INFO [main] org.apache.catalina.startup.HostConfig.deployWAR Déploiement de l'archive [/home/lht1404/Documents/ENSEEIHT/2A/Semestre 8/app_web/tp2-aw/apache-tomcat-11.0.1/webapps/TP2.war] de l'application web
18-Feb-2025 16:20:37.643 INFO [main] org.apache.catalina.startup.HostConfig.deployWAR Le déploiement de l'archive de l'application web [/home/lht1404/Documents/ENSEEIHT/2A/Semestre 8/app_web/tp2-aw/apache-tomcat-11.0.1/webapps/TP2.war] s'est terminé en [425] ms
18-Feb-2025 16:20:37.643 INFO [main] org.apache.catalina.startup.HostConfig.deployDirectory Déploiement du répertoire d'application web [/home/lht1404/Documents/ENSEEIHT/2A/Semestre 8/app_web/tp2-aw/apache-tomcat-11.0.1/webapps/docs]
18-Feb-2025 16:20:37.673 INFO [main] org.apache.catalina.startup.HostConfig.deployDirectory Le déploiement du répertoire [/home/lht1404/Documents/ENSEEIHT/2A/Semestre 8/app_web/tp2-aw/apache-tomcat-11.0.1/webapps/docs] de l'application web s'est terminé en [30] ms
18-Feb-2025 16:20:37.673 INFO [main] org.apache.catalina.startup.HostConfig.deployDirectory Déploiement du répertoire d'application web [/home/lht1404/Documents/ENSEEIHT/2A/Semestre 8/app_web/tp2-aw/apache-tomcat-11.0.1/webapps/examples]
18-Feb-2025 16:20:38.452 INFO [main] org.apache.catalina.startup.HostConfig.deployDirectory Le déploiement du répertoire [/home/lht1404/Documents/ENSEEIHT/2A/Semestre 8/app_web/tp2-aw/apache-tomcat-11.0.1/webapps/examples] de l'application web s'est terminé en [779] ms
18-Feb-2025 16:20:38.452 INFO [main] org.apache.catalina.startup.HostConfig.deployDirectory Déploiement du répertoire d'application web [/home/lht1404/Documents/ENSEEIHT/2A/Semestre 8/app_web/tp2-aw/apache-tomcat-11.0.1/webapps/ROOT]
18-Feb-2025 16:20:38.487 INFO [main] org.apache.catalina.startup.HostConfig.deployDirectory Le déploiement du répertoire [/home/lht1404/Documents/ENSEEIHT/2A/Semestre 8/app_web/tp2-aw/apache-tomcat-11.0.1/webapps/ROOT] de l'application web s'est terminé en [35] ms
18-Feb-2025 16:20:38.487 INFO [main] org.apache.catalina.startup.HostConfig.deployDirectory Déploiement du répertoire d'application web [/home/lht1404/Documents/ENSEEIHT/2A/Semestre 8/app_web/tp2-aw/apache-tomcat-11.0.1/webapps/host-manager]
18-Feb-2025 16:20:38.520 INFO [main] org.apache.catalina.startup.HostConfig.deployDirectory Le déploiement du répertoire [/home/lht1404/Documents/ENSEEIHT/2A/Semestre 8/app_web/tp2-aw/apache-tomcat-11.0.1/webapps/host-manager] de l'application web s'est terminé en [33] ms
18-Feb-2025 16:20:38.520 INFO [main] org.apache.catalina.startup.HostConfig.deployDirectory Déploiement du répertoire d'application web [/home/lht1404/Documents/ENSEEIHT/2A/Semestre 8/app_web/tp2-aw/apache-tomcat-11.0.1/webapps/manager]
18-Feb-2025 16:20:38.551 INFO [main] org.apache.catalina.startup.HostConfig.deployDirectory Le déploiement du répertoire [/home/lht1404/Documents/ENSEEIHT/2A/Semestre 8/app_web/tp2-aw/apache-tomcat-11.0.1/webapps/manager] de l'application web s'est terminé en [31] ms
18-Feb-2025 16:20:38.554 INFO [main] org.apache.coyote.AbstractProtocol.start Démarrage du gestionnaire de protocole ["http-nio-8080"]
18-Feb-2025 16:20:38.582 INFO [main] org.apache.catalina.startup.Catalina.start Le démarrage du serveur a pris [1582] millisecondes
18-Feb-2025 16:36:08.959 INFO [Catalina-utility-1] org.apache.catalina.startup.HostConfig.undeploy Retrait de l'application web ayant pour chemin de contexte [/TP2]
18-Feb-2025 16:36:09.433 INFO [Catalina-utility-1] org.apache.catalina.startup.HostConfig.deployWAR Déploiement de l'archive [/home/lht1404/Documents/ENSEEIHT/2A/Semestre 8/app_web/tp2-aw/apache-tomcat-11.0.1/webapps/TP2.war] de l'application web
18-Feb-2025 16:36:11.924 INFO [Catalina-utility-1] org.apache.catalina.startup.HostConfig.deployWAR Le déploiement de l'archive de l'application web [/home/lht1404/Documents/ENSEEIHT/2A/Semestre 8/app_web/tp2-aw/apache-tomcat-11.0.1/webapps/TP2.war] s'est terminé en [2 491] ms
18-Feb-2025 16:39:32.016 INFO [Catalina-utility-1] org.apache.catalina.startup.HostConfig.undeploy Retrait de l'application web ayant pour chemin de contexte [/TP2]
18-Feb-2025 16:39:42.048 INFO [Catalina-utility-1] org.apache.catalina.startup.HostConfig.deployWAR Déploiement de l'archive [/home/lht1404/Documents/ENSEEIHT/2A/Semestre 8/app_web/tp2-aw/apache-tomcat-11.0.1/webapps/TP2.war] de l'application web
18-Feb-2025 16:39:44.506 INFO [Catalina-utility-1] org.apache.catalina.startup.HostConfig.deployWAR Le déploiement de l'archive de l'application web [/home/lht1404/Documents/ENSEEIHT/2A/Semestre 8/app_web/tp2-aw/apache-tomcat-11.0.1/webapps/TP2.war] s'est terminé en [2 459] ms
18-Feb-2025 16:52:35.303 INFO [Catalina-utility-1] org.apache.catalina.startup.HostConfig.undeploy Retrait de l'application web ayant pour chemin de contexte [/TP2]
18-Feb-2025 16:52:35.552 INFO [Catalina-utility-1] org.apache.catalina.startup.HostConfig.deployWAR Déploiement de l'archive [/home/lht1404/Documents/ENSEEIHT/2A/Semestre 8/app_web/tp2-aw/apache-tomcat-11.0.1/webapps/TP2.war] de l'application web
18-Feb-2025 16:52:37.710 INFO [Catalina-utility-1] org.apache.catalina.startup.HostConfig.deployWAR Le déploiement de l'archive de l'application web [/home/lht1404/Documents/ENSEEIHT/2A/Semestre 8/app_web/tp2-aw/apache-tomcat-11.0.1/webapps/TP2.war] s'est terminé en [2 157] ms
18-Feb-2025 16:55:37.786 INFO [Catalina-utility-2] org.apache.catalina.startup.HostConfig.undeploy Retrait de l'application web ayant pour chemin de contexte [/TP2]
18-Feb-2025 16:55:38.031 INFO [Catalina-utility-2] org.apache.catalina.startup.HostConfig.deployWAR Déploiement de l'archive [/home/lht1404/Documents/ENSEEIHT/2A/Semestre 8/app_web/tp2-aw/apache-tomcat-11.0.1/webapps/TP2.war] de l'application web
18-Feb-2025 16:55:38.092 INFO [Catalina-utility-2] org.apache.catalina.startup.HostConfig.deployWAR Le déploiement de l'archive de l'application web [/home/lht1404/Documents/ENSEEIHT/2A/Semestre 8/app_web/tp2-aw/apache-tomcat-11.0.1/webapps/TP2.war] s'est terminé en [61] ms
18-Feb-2025 17:00:08.210 INFO [Catalina-utility-2] org.apache.catalina.startup.HostConfig.undeploy Retrait de l'application web ayant pour chemin de contexte [/TP2]
18-Feb-2025 17:00:08.225 INFO [Catalina-utility-2] org.apache.catalina.startup.HostConfig.deployWAR Déploiement de l'archive [/home/lht1404/Documents/ENSEEIHT/2A/Semestre 8/app_web/tp2-aw/apache-tomcat-11.0.1/webapps/TP2.war] de l'application web
18-Feb-2025 17:00:08.264 INFO [Catalina-utility-2] org.apache.catalina.startup.HostConfig.deployWAR Le déploiement de l'archive de l'application web [/home/lht1404/Documents/ENSEEIHT/2A/Semestre 8/app_web/tp2-aw/apache-tomcat-11.0.1/webapps/TP2.war] s'est terminé en [40] ms
18-Feb-2025 17:00:58.276 INFO [Catalina-utility-1] org.apache.catalina.startup.HostConfig.undeploy Retrait de l'application web ayant pour chemin de contexte [/TP2]
18-Feb-2025 17:00:58.305 INFO [Catalina-utility-1] org.apache.catalina.startup.HostConfig.deployWAR Déploiement de l'archive [/home/lht1404/Documents/ENSEEIHT/2A/Semestre 8/app_web/tp2-aw/apache-tomcat-11.0.1/webapps/TP2.war] de l'application web
18-Feb-2025 17:00:58.354 INFO [Catalina-utility-1] org.apache.catalina.startup.HostConfig.deployWAR Le déploiement de l'archive de l'application web [/home/lht1404/Documents/ENSEEIHT/2A/Semestre 8/app_web/tp2-aw/apache-tomcat-11.0.1/webapps/TP2.war] s'est terminé en [49] ms
18-Feb-2025 17:02:38.389 INFO [Catalina-utility-2] org.apache.catalina.startup.HostConfig.undeploy Retrait de l'application web ayant pour chemin de contexte [/TP2]
18-Feb-2025 17:02:38.405 INFO [Catalina-utility-2] org.apache.catalina.startup.HostConfig.deployWAR Déploiement de l'archive [/home/lht1404/Documents/ENSEEIHT/2A/Semestre 8/app_web/tp2-aw/apache-tomcat-11.0.1/webapps/TP2.war] de l'application web
18-Feb-2025 17:02:38.453 INFO [Catalina-utility-2] org.apache.catalina.startup.HostConfig.deployWAR Le déploiement de l'archive de l'application web [/home/lht1404/Documents/ENSEEIHT/2A/Semestre 8/app_web/tp2-aw/apache-tomcat-11.0.1/webapps/TP2.war] s'est terminé en [47] ms
18-Feb-2025 17:03:38.476 INFO [Catalina-utility-1] org.apache.catalina.startup.HostConfig.undeploy Retrait de l'application web ayant pour chemin de contexte [/TP2]
18-Feb-2025 17:03:38.500 INFO [Catalina-utility-1] org.apache.catalina.startup.HostConfig.deployWAR Déploiement de l'archive [/home/lht1404/Documents/ENSEEIHT/2A/Semestre 8/app_web/tp2-aw/apache-tomcat-11.0.1/webapps/TP2.war] de l'application web
18-Feb-2025 17:03:38.575 INFO [Catalina-utility-1] org.apache.catalina.startup.HostConfig.deployWAR Le déploiement de l'archive de l'application web [/home/lht1404/Documents/ENSEEIHT/2A/Semestre 8/app_web/tp2-aw/apache-tomcat-11.0.1/webapps/TP2.war] s'est terminé en [74] ms
18-Feb-2025 17:06:48.647 INFO [Catalina-utility-1] org.apache.catalina.startup.HostConfig.undeploy Retrait de l'application web ayant pour chemin de contexte [/TP2]
18-Feb-2025 17:06:48.672 INFO [Catalina-utility-1] org.apache.catalina.startup.HostConfig.deployWAR Déploiement de l'archive [/home/lht1404/Documents/ENSEEIHT/2A/Semestre 8/app_web/tp2-aw/apache-tomcat-11.0.1/webapps/TP2.war] de l'application web
18-Feb-2025 17:06:48.747 INFO [Catalina-utility-1] org.apache.catalina.startup.HostConfig.deployWAR Le déploiement de l'archive de l'application web [/home/lht1404/Documents/ENSEEIHT/2A/Semestre 8/app_web/tp2-aw/apache-tomcat-11.0.1/webapps/TP2.war] s'est terminé en [74] ms
18-Feb-2025 17:08:48.792 INFO [Catalina-utility-2] org.apache.catalina.startup.HostConfig.undeploy Retrait de l'application web ayant pour chemin de contexte [/TP2]
18-Feb-2025 17:08:48.815 INFO [Catalina-utility-2] org.apache.catalina.startup.HostConfig.deployWAR Déploiement de l'archive [/home/lht1404/Documents/ENSEEIHT/2A/Semestre 8/app_web/tp2-aw/apache-tomcat-11.0.1/webapps/TP2.war] de l'application web
18-Feb-2025 17:08:48.871 INFO [Catalina-utility-2] org.apache.catalina.startup.HostConfig.deployWAR Le déploiement de l'archive de l'application web [/home/lht1404/Documents/ENSEEIHT/2A/Semestre 8/app_web/tp2-aw/apache-tomcat-11.0.1/webapps/TP2.war] s'est terminé en [56] ms
18-Feb-2025 17:09:28.886 INFO [Catalina-utility-2] org.apache.catalina.startup.HostConfig.undeploy Retrait de l'application web ayant pour chemin de contexte [/TP2]
18-Feb-2025 17:09:28.911 INFO [Catalina-utility-2] org.apache.catalina.startup.HostConfig.deployWAR Déploiement de l'archive [/home/lht1404/Documents/ENSEEIHT/2A/Semestre 8/app_web/tp2-aw/apache-tomcat-11.0.1/webapps/TP2.war] de l'application web
18-Feb-2025 17:09:28.969 INFO [Catalina-utility-2] org.apache.catalina.startup.HostConfig.deployWAR Le déploiement de l'archive de l'application web [/home/lht1404/Documents/ENSEEIHT/2A/Semestre 8/app_web/tp2-aw/apache-tomcat-11.0.1/webapps/TP2.war] s'est terminé en [58] ms
18-Feb-2025 17:11:19.009 INFO [Catalina-utility-2] org.apache.catalina.startup.HostConfig.undeploy Retrait de l'application web ayant pour chemin de contexte [/TP2]
18-Feb-2025 17:11:19.035 INFO [Catalina-utility-2] org.apache.catalina.startup.HostConfig.deployWAR Déploiement de l'archive [/home/lht1404/Documents/ENSEEIHT/2A/Semestre 8/app_web/tp2-aw/apache-tomcat-11.0.1/webapps/TP2.war] de l'application web
18-Feb-2025 17:11:19.106 INFO [Catalina-utility-2] org.apache.catalina.startup.HostConfig.deployWAR Le déploiement de l'archive de l'application web [/home/lht1404/Documents/ENSEEIHT/2A/Semestre 8/app_web/tp2-aw/apache-tomcat-11.0.1/webapps/TP2.war] s'est terminé en [72] ms
18-Feb-2025 17:12:39.136 INFO [Catalina-utility-1] org.apache.catalina.startup.HostConfig.undeploy Retrait de l'application web ayant pour chemin de contexte [/TP2]
18-Feb-2025 17:12:39.159 INFO [Catalina-utility-1] org.apache.catalina.startup.HostConfig.deployWAR Déploiement de l'archive [/home/lht1404/Documents/ENSEEIHT/2A/Semestre 8/app_web/tp2-aw/apache-tomcat-11.0.1/webapps/TP2.war] de l'application web
18-Feb-2025 17:12:39.216 INFO [Catalina-utility-1] org.apache.catalina.startup.HostConfig.deployWAR Le déploiement de l'archive de l'application web [/home/lht1404/Documents/ENSEEIHT/2A/Semestre 8/app_web/tp2-aw/apache-tomcat-11.0.1/webapps/TP2.war] s'est terminé en [57] ms
yyy
yyy
18-Feb-2025 17:13:59.245 INFO [Catalina-utility-2] org.apache.catalina.startup.HostConfig.undeploy Retrait de l'application web ayant pour chemin de contexte [/TP2]
18-Feb-2025 17:13:59.269 INFO [Catalina-utility-2] org.apache.catalina.startup.HostConfig.deployWAR Déploiement de l'archive [/home/lht1404/Documents/ENSEEIHT/2A/Semestre 8/app_web/tp2-aw/apache-tomcat-11.0.1/webapps/TP2.war] de l'application web
18-Feb-2025 17:13:59.337 INFO [Catalina-utility-2] org.apache.catalina.startup.HostConfig.deployWAR Le déploiement de l'archive de l'application web [/home/lht1404/Documents/ENSEEIHT/2A/Semestre 8/app_web/tp2-aw/apache-tomcat-11.0.1/webapps/TP2.war] s'est terminé en [69] ms
facade:aaa
serv:aaa
18-Feb-2025 17:15:39.373 INFO [Catalina-utility-2] org.apache.catalina.startup.HostConfig.undeploy Retrait de l'application web ayant pour chemin de contexte [/TP2]
18-Feb-2025 17:15:39.395 INFO [Catalina-utility-2] org.apache.catalina.startup.HostConfig.deployWAR Déploiement de l'archive [/home/lht1404/Documents/ENSEEIHT/2A/Semestre 8/app_web/tp2-aw/apache-tomcat-11.0.1/webapps/TP2.war] de l'application web
18-Feb-2025 17:15:39.465 INFO [Catalina-utility-2] org.apache.catalina.startup.HostConfig.deployWAR Le déploiement de l'archive de l'application web [/home/lht1404/Documents/ENSEEIHT/2A/Semestre 8/app_web/tp2-aw/apache-tomcat-11.0.1/webapps/TP2.war] s'est terminé en [70] ms
facade:aaa
serv:aaa
18-Feb-2025 17:17:59.522 INFO [Catalina-utility-1] org.apache.catalina.startup.HostConfig.undeploy Retrait de l'application web ayant pour chemin de contexte [/TP2]
18-Feb-2025 17:17:59.536 INFO [Catalina-utility-1] org.apache.catalina.startup.HostConfig.deployWAR Déploiement de l'archive [/home/lht1404/Documents/ENSEEIHT/2A/Semestre 8/app_web/tp2-aw/apache-tomcat-11.0.1/webapps/TP2.war] de l'application web
18-Feb-2025 17:17:59.574 INFO [Catalina-utility-1] org.apache.catalina.startup.HostConfig.deployWAR Le déploiement de l'archive de l'application web [/home/lht1404/Documents/ENSEEIHT/2A/Semestre 8/app_web/tp2-aw/apache-tomcat-11.0.1/webapps/TP2.war] s'est terminé en [38] ms
facade:rrr
serv:rrr
18-Feb-2025 17:19:19.602 INFO [Catalina-utility-1] org.apache.catalina.startup.HostConfig.undeploy Retrait de l'application web ayant pour chemin de contexte [/TP2]
18-Feb-2025 17:19:19.621 INFO [Catalina-utility-1] org.apache.catalina.startup.HostConfig.deployWAR Déploiement de l'archive [/home/lht1404/Documents/ENSEEIHT/2A/Semestre 8/app_web/tp2-aw/apache-tomcat-11.0.1/webapps/TP2.war] de l'application web
18-Feb-2025 17:19:19.663 INFO [Catalina-utility-1] org.apache.catalina.startup.HostConfig.deployWAR Le déploiement de l'archive de l'application web [/home/lht1404/Documents/ENSEEIHT/2A/Semestre 8/app_web/tp2-aw/apache-tomcat-11.0.1/webapps/TP2.war] s'est terminé en [42] ms
facade:ggg
serv:ggg
18-Feb-2025 17:20:59.701 INFO [Catalina-utility-1] org.apache.catalina.startup.HostConfig.undeploy Retrait de l'application web ayant pour chemin de contexte [/TP2]
18-Feb-2025 17:20:59.727 INFO [Catalina-utility-1] org.apache.catalina.startup.HostConfig.deployWAR Déploiement de l'archive [/home/lht1404/Documents/ENSEEIHT/2A/Semestre 8/app_web/tp2-aw/apache-tomcat-11.0.1/webapps/TP2.war] de l'application web
18-Feb-2025 17:20:59.799 INFO [Catalina-utility-1] org.apache.catalina.startup.HostConfig.deployWAR Le déploiement de l'archive de l'application web [/home/lht1404/Documents/ENSEEIHT/2A/Semestre 8/app_web/tp2-aw/apache-tomcat-11.0.1/webapps/TP2.war] s'est terminé en [73] ms
facade:hhh
serv:hhh
eee
les personnes (qqq) : 
hhh
les personnes (qqq) : 
hhh
les personnes (qqq) : 
hhh
18-Feb-2025 17:22:39.833 INFO [Catalina-utility-1] org.apache.catalina.startup.HostConfig.undeploy Retrait de l'application web ayant pour chemin de contexte [/TP2]
18-Feb-2025 17:22:39.859 INFO [Catalina-utility-1] org.apache.catalina.startup.HostConfig.deployWAR Déploiement de l'archive [/home/lht1404/Documents/ENSEEIHT/2A/Semestre 8/app_web/tp2-aw/apache-tomcat-11.0.1/webapps/TP2.war] de l'application web
18-Feb-2025 17:22:39.931 INFO [Catalina-utility-1] org.apache.catalina.startup.HostConfig.deployWAR Le déploiement de l'archive de l'application web [/home/lht1404/Documents/ENSEEIHT/2A/Semestre 8/app_web/tp2-aw/apache-tomcat-11.0.1/webapps/TP2.war] s'est terminé en [71] ms
les personnes (qqq) : 
18-Feb-2025 17:23:39.952 INFO [Catalina-utility-1] org.apache.catalina.startup.HostConfig.undeploy Retrait de l'application web ayant pour chemin de contexte [/TP2]
18-Feb-2025 17:23:39.981 INFO [Catalina-utility-1] org.apache.catalina.startup.HostConfig.deployWAR Déploiement de l'archive [/home/lht1404/Documents/ENSEEIHT/2A/Semestre 8/app_web/tp2-aw/apache-tomcat-11.0.1/webapps/TP2.war] de l'application web
18-Feb-2025 17:23:40.042 INFO [Catalina-utility-1] org.apache.catalina.startup.HostConfig.deployWAR Le déploiement de l'archive de l'application web [/home/lht1404/Documents/ENSEEIHT/2A/Semestre 8/app_web/tp2-aw/apache-tomcat-11.0.1/webapps/TP2.war] s'est terminé en [62] ms
les personnes (qqq) : 
facade:sdqsdqs
serv:sdqsdqs
les personnes (qqq) : 
sdqsdqs
18-Feb-2025 17:27:10.132 INFO [Catalina-utility-2] org.apache.catalina.startup.HostConfig.undeploy Retrait de l'application web ayant pour chemin de contexte [/TP2]
18-Feb-2025 17:27:10.159 INFO [Catalina-utility-2] org.apache.catalina.startup.HostConfig.deployWAR Déploiement de l'archive [/home/lht1404/Documents/ENSEEIHT/2A/Semestre 8/app_web/tp2-aw/apache-tomcat-11.0.1/webapps/TP2.war] de l'application web
18-Feb-2025 17:27:10.207 INFO [Catalina-utility-2] org.apache.catalina.startup.HostConfig.deployWAR Le déploiement de l'archive de l'application web [/home/lht1404/Documents/ENSEEIHT/2A/Semestre 8/app_web/tp2-aw/apache-tomcat-11.0.1/webapps/TP2.war] s'est terminé en [48] ms
facade:dfgd
serv:dfgd
les personnes (qqq) : 
dfgd
18-Feb-2025 17:28:00.220 INFO [Catalina-utility-1] org.apache.catalina.startup.HostConfig.undeploy Retrait de l'application web ayant pour chemin de contexte [/TP2]
18-Feb-2025 17:28:00.239 INFO [Catalina-utility-1] org.apache.catalina.startup.HostConfig.deployWAR Déploiement de l'archive [/home/lht1404/Documents/ENSEEIHT/2A/Semestre 8/app_web/tp2-aw/apache-tomcat-11.0.1/webapps/TP2.war] de l'application web
18-Feb-2025 17:28:00.279 INFO [Catalina-utility-1] org.apache.catalina.startup.HostConfig.deployWAR Le déploiement de l'archive de l'application web [/home/lht1404/Documents/ENSEEIHT/2A/Semestre 8/app_web/tp2-aw/apache-tomcat-11.0.1/webapps/TP2.war] s'est terminé en [40] ms
facade:fd
serv:fd
les personnes (qqq) : 
fd
facade:vx
serv:vx
les personnes (qqq) : 
fd
vx
18-Feb-2025 17:28:40.288 INFO [Catalina-utility-2] org.apache.catalina.startup.HostConfig.undeploy Retrait de l'application web ayant pour chemin de contexte [/TP2]
18-Feb-2025 17:28:40.305 INFO [Catalina-utility-2] org.apache.catalina.startup.HostConfig.deployWAR Déploiement de l'archive [/home/lht1404/Documents/ENSEEIHT/2A/Semestre 8/app_web/tp2-aw/apache-tomcat-11.0.1/webapps/TP2.war] de l'application web
18-Feb-2025 17:28:40.348 INFO [Catalina-utility-2] org.apache.catalina.startup.HostConfig.deployWAR Le déploiement de l'archive de l'application web [/home/lht1404/Documents/ENSEEIHT/2A/Semestre 8/app_web/tp2-aw/apache-tomcat-11.0.1/webapps/TP2.war] s'est terminé en [43] ms
facade:y
serv:y
les personnes (qqq) : 
y
18-Feb-2025 17:30:20.387 INFO [Catalina-utility-1] org.apache.catalina.startup.HostConfig.undeploy Retrait de l'application web ayant pour chemin de contexte [/TP2]
18-Feb-2025 17:30:20.404 INFO [Catalina-utility-1] org.apache.catalina.startup.HostConfig.deployWAR Déploiement de l'archive [/home/lht1404/Documents/ENSEEIHT/2A/Semestre 8/app_web/tp2-aw/apache-tomcat-11.0.1/webapps/TP2.war] de l'application web
18-Feb-2025 17:30:20.448 INFO [Catalina-utility-1] org.apache.catalina.startup.HostConfig.deployWAR Le déploiement de l'archive de l'application web [/home/lht1404/Documents/ENSEEIHT/2A/Semestre 8/app_web/tp2-aw/apache-tomcat-11.0.1/webapps/TP2.war] s'est terminé en [44] ms
facade:cx
serv:cx
eee
les personnes (qqq) : 
cx
les personnes (qqq) : 
cx
les personnes (qqq) : 
cx
18-Feb-2025 17:40:10.674 INFO [Catalina-utility-1] org.apache.catalina.startup.HostConfig.undeploy Retrait de l'application web ayant pour chemin de contexte [/TP2]
18-Feb-2025 17:40:11.201 INFO [Catalina-utility-1] org.apache.catalina.startup.HostConfig.deployWAR Déploiement de l'archive [/home/lht1404/Documents/ENSEEIHT/2A/Semestre 8/app_web/tp2-aw/apache-tomcat-11.0.1/webapps/TP2.war] de l'application web
18-Feb-2025 17:40:11.242 INFO [Catalina-utility-1] org.apache.catalina.startup.HostConfig.deployWAR Le déploiement de l'archive de l'application web [/home/lht1404/Documents/ENSEEIHT/2A/Semestre 8/app_web/tp2-aw/apache-tomcat-11.0.1/webapps/TP2.war] s'est terminé en [41] ms
facade:sdsd
serv:sdsd
les personnes (qqq) : 
sdsd
18-Feb-2025 17:42:21.266 INFO [Catalina-utility-1] org.apache.catalina.startup.HostConfig.undeploy Retrait de l'application web ayant pour chemin de contexte [/TP2]
18-Feb-2025 17:42:21.283 INFO [Catalina-utility-1] org.apache.catalina.startup.HostConfig.deployWAR Déploiement de l'archive [/home/lht1404/Documents/ENSEEIHT/2A/Semestre 8/app_web/tp2-aw/apache-tomcat-11.0.1/webapps/TP2.war] de l'application web
18-Feb-2025 17:42:21.326 INFO [Catalina-utility-1] org.apache.catalina.startup.HostConfig.deployWAR Le déploiement de l'archive de l'application web [/home/lht1404/Documents/ENSEEIHT/2A/Semestre 8/app_web/tp2-aw/apache-tomcat-11.0.1/webapps/TP2.war] s'est terminé en [42] ms
facade:lea
serv:lea
les personnes (qqq) : 
lea
les personnes (qqq) : 
lea
